2023-04-02 21:08:19.511902 - Initialized conversion of CBT035
2023-04-02 21:08:20.238166 - Received SBGOLOB.CBT505.FILE035 from FILE035.XMI 
2023-04-02 21:08:20.239690 - Found ACTIVE.bin containing application/octet-stream, moved to FILE035/ACTIVE
2023-04-02 21:08:20.240862 - Found ADIS.bin containing application/octet-stream, moved to FILE035/ADIS
2023-04-02 21:08:20.242021 - Found ALLIDS.bin containing application/octet-stream, moved to FILE035/ALLIDS
2023-04-02 21:08:20.243290 - Found APFLIST.bin containing application/octet-stream, moved to FILE035/APFLIST
2023-04-02 21:08:20.244309 - Found ARCHINIT.bin containing application/octet-stream, moved to FILE035/ARCHINIT
2023-04-02 21:08:20.245640 - Found ARCHIVER.bin containing application/octet-stream, moved to FILE035/ARCHIVER
2023-04-02 21:08:20.246825 - Found ARCHPARS.bin containing application/octet-stream, moved to FILE035/ARCHPARS
2023-04-02 21:08:20.247879 - Found ASMTOZAF.bin containing application/octet-stream, moved to FILE035/ASMTOZAF
2023-04-02 21:08:20.249131 - Found ASMTOZAP.bin containing application/octet-stream, moved to FILE035/ASMTOZAP
2023-04-02 21:08:20.250172 - Found ASUB.bin containing application/octet-stream, moved to FILE035/ASUB
2023-04-02 21:08:20.251250 - Found BDMNNOTC.bin containing application/octet-stream, moved to FILE035/BDMNNOTC
2023-04-02 21:08:20.252275 - Found BLKDISK.bin containing application/octet-stream, moved to FILE035/BLKDISK
2023-04-02 21:08:20.253545 - Found BLK23051.bin containing application/octet-stream, moved to FILE035/BLK23051
2023-04-02 21:08:20.254675 - Found BLK23052.bin containing application/octet-stream, moved to FILE035/BLK23052
2023-04-02 21:08:20.255726 - Found BLK2314.bin containing application/octet-stream, moved to FILE035/BLK2314
2023-04-02 21:08:20.256733 - Found BLK3330.bin containing application/octet-stream, moved to FILE035/BLK3330
2023-04-02 21:08:20.257941 - Found BLK33301.bin containing application/octet-stream, moved to FILE035/BLK33301
2023-04-02 21:08:20.259259 - Found BLK3340.bin containing application/octet-stream, moved to FILE035/BLK3340
2023-04-02 21:08:20.260481 - Found BLK3350.bin containing application/octet-stream, moved to FILE035/BLK3350
2023-04-02 21:08:20.261747 - Found BLK3375.bin containing application/octet-stream, moved to FILE035/BLK3375
2023-04-02 21:08:20.263000 - Found BLK3380.bin containing application/octet-stream, moved to FILE035/BLK3380
2023-04-02 21:08:20.263980 - Found BLK3390.bin containing application/octet-stream, moved to FILE035/BLK3390
2023-04-02 21:08:20.265183 - Found BLK9345.bin containing application/octet-stream, moved to FILE035/BLK9345
2023-04-02 21:08:20.266565 - Found BURN.bin containing application/octet-stream, moved to FILE035/BURN
2023-04-02 21:08:20.267761 - Found CBTUPD.bin containing application/octet-stream, moved to FILE035/CBTUPD
2023-04-02 21:08:20.268945 - Found CBT1269.bin containing application/octet-stream, moved to FILE035/CBT1269
2023-04-02 21:08:20.270294 - Found CBT973.bin containing application/octet-stream, moved to FILE035/CBT973
2023-04-02 21:08:20.271451 - Found CCKDDUMP.bin containing application/octet-stream, moved to FILE035/CCKDDUMP
2023-04-02 21:08:20.272894 - Found CCKDLOAD.bin containing application/octet-stream, moved to FILE035/CCKDLOAD
2023-04-02 21:08:20.274437 - Found CDSCB.bin containing application/octet-stream, moved to FILE035/CDSCB
2023-04-02 21:08:20.275570 - Found CDSCB1.bin containing application/octet-stream, moved to FILE035/CDSCB1
2023-04-02 21:08:20.276614 - Found CINMX.bin containing application/octet-stream, moved to FILE035/CINMX
2023-04-02 21:08:20.278067 - Found CKIEBGEN.bin containing application/octet-stream, moved to FILE035/CKIEBGEN
2023-04-02 21:08:20.279453 - Found CKIEBG06.bin containing application/octet-stream, moved to FILE035/CKIEBG06
2023-04-02 21:08:20.281023 - Found CKIEBG07.bin containing application/octet-stream, moved to FILE035/CKIEBG07
2023-04-02 21:08:20.282207 - Found CNCLPG.bin containing application/octet-stream, moved to FILE035/CNCLPG
2023-04-02 21:08:20.283264 - Found CNCLP125.bin containing application/octet-stream, moved to FILE035/CNCLP125
2023-04-02 21:08:20.284744 - Found COMPARE.bin containing application/octet-stream, moved to FILE035/COMPARE
2023-04-02 21:08:20.285798 - Found COMPARE$.bin containing application/octet-stream, moved to FILE035/COMPARE$
2023-04-02 21:08:20.286788 - Found COMPAREB.bin containing application/octet-stream, moved to FILE035/COMPAREB
2023-04-02 21:08:20.287949 - Found COMPAREC.bin containing application/octet-stream, moved to FILE035/COMPAREC
2023-04-02 21:08:20.288903 - Found COMPAREW.bin containing application/octet-stream, moved to FILE035/COMPAREW
2023-04-02 21:08:20.289854 - Found COPYFILE.bin containing application/octet-stream, moved to FILE035/COPYFILE
2023-04-02 21:08:20.290840 - Found COPYFILO.bin containing application/octet-stream, moved to FILE035/COPYFILO
2023-04-02 21:08:20.291884 - Found COPYMODS.bin containing application/octet-stream, moved to FILE035/COPYMODS
2023-04-02 21:08:20.292952 - Found COPYMO55.bin containing application/octet-stream, moved to FILE035/COPYMO55
2023-04-02 21:08:20.293990 - Found COPYMO83.bin containing application/octet-stream, moved to FILE035/COPYMO83
2023-04-02 21:08:20.295557 - Found COPYNLNL.bin containing application/octet-stream, moved to FILE035/COPYNLNL
2023-04-02 21:08:20.296777 - Found COPYNLNO.bin containing application/octet-stream, moved to FILE035/COPYNLNO
2023-04-02 21:08:20.298325 - Found COPYSLNL.bin containing application/octet-stream, moved to FILE035/COPYSLNL
2023-04-02 21:08:20.299505 - Found COPYSLNO.bin containing application/octet-stream, moved to FILE035/COPYSLNO
2023-04-02 21:08:20.300607 - Found COPYSLNP.bin containing application/octet-stream, moved to FILE035/COPYSLNP
2023-04-02 21:08:20.301672 - Found CPSCB.bin containing application/octet-stream, moved to FILE035/CPSCB
2023-04-02 21:08:20.302791 - Found DA.bin containing application/octet-stream, moved to FILE035/DA
2023-04-02 21:08:20.304006 - Found DAF.bin containing application/octet-stream, moved to FILE035/DAF
2023-04-02 21:08:20.305721 - Found DAF130.bin containing application/octet-stream, moved to FILE035/DAF130
2023-04-02 21:08:20.307352 - Found DAF140.bin containing application/octet-stream, moved to FILE035/DAF140
2023-04-02 21:08:20.308682 - Found DAF142.bin containing application/octet-stream, moved to FILE035/DAF142
2023-04-02 21:08:20.310121 - Found DAF144.bin containing application/octet-stream, moved to FILE035/DAF144
2023-04-02 21:08:20.311340 - Found DAF147.bin containing application/octet-stream, moved to FILE035/DAF147
2023-04-02 21:08:20.313193 - Found DAF148.bin containing application/octet-stream, moved to FILE035/DAF148
2023-04-02 21:08:20.314849 - Found DAF149.bin containing application/octet-stream, moved to FILE035/DAF149
2023-04-02 21:08:20.316714 - Found DISKMAP.bin containing application/octet-stream, moved to FILE035/DISKMAP
2023-04-02 21:08:20.317939 - Found DOCFILE.bin containing application/octet-stream, moved to FILE035/DOCFILE
2023-04-02 21:08:20.318877 - Found DSAT.bin containing application/octet-stream, moved to FILE035/DSAT
2023-04-02 21:08:20.320145 - Found DSATN.bin containing application/octet-stream, moved to FILE035/DSATN
2023-04-02 21:08:20.321155 - Found DSATO.bin containing application/octet-stream, moved to FILE035/DSATO
2023-04-02 21:08:20.322225 - Found DSAT1.bin containing application/octet-stream, moved to FILE035/DSAT1
2023-04-02 21:08:20.323269 - Found DSAT2.bin containing application/octet-stream, moved to FILE035/DSAT2
2023-04-02 21:08:20.324535 - Found DTEST.bin containing application/octet-stream, moved to FILE035/DTEST
2023-04-02 21:08:20.325806 - Found DUSER.bin containing application/octet-stream, moved to FILE035/DUSER
2023-04-02 21:08:20.326992 - Found DVOL.bin containing application/octet-stream, moved to FILE035/DVOL
2023-04-02 21:08:20.328070 - Found EESCB.bin containing application/octet-stream, moved to FILE035/EESCB
2023-04-02 21:08:20.329089 - Found FASTPATH.bin containing application/octet-stream, moved to FILE035/FASTPATH
2023-04-02 21:08:20.330096 - Found FASTP149.bin containing application/octet-stream, moved to FILE035/FASTP149
2023-04-02 21:08:20.331112 - Found IEBGEOLD.bin containing application/octet-stream, moved to FILE035/IEBGEOLD
2023-04-02 21:08:20.332366 - Found IEBTSUB.bin containing application/octet-stream, moved to FILE035/IEBTSUB
2023-04-02 21:08:20.333569 - Found IEHMAP.bin containing application/octet-stream, moved to FILE035/IEHMAP
2023-04-02 21:08:20.334703 - Found IEHMAPIN.bin containing application/octet-stream, moved to FILE035/IEHMAPIN
2023-04-02 21:08:20.335990 - Found IGG019WD.bin containing application/octet-stream, moved to FILE035/IGG019WD
2023-04-02 21:08:20.337085 - Found IGG019WE.bin containing application/octet-stream, moved to FILE035/IGG019WE
2023-04-02 21:08:20.338035 - Found INMXD.bin containing application/octet-stream, moved to FILE035/INMXD
2023-04-02 21:08:20.339006 - Found LASTCLPA.bin containing application/octet-stream, moved to FILE035/LASTCLPA
2023-04-02 21:08:20.340332 - Found LASTIPL.bin containing application/octet-stream, moved to FILE035/LASTIPL
2023-04-02 21:08:20.341535 - Found LISPDS.bin containing application/octet-stream, moved to FILE035/LISPDS
2023-04-02 21:08:20.342877 - Found LISTHEAD.bin containing application/octet-stream, moved to FILE035/LISTHEAD
2023-04-02 21:08:20.344139 - Found LISTMOD.bin containing application/octet-stream, moved to FILE035/LISTMOD
2023-04-02 21:08:20.345586 - Found LISTMODD.bin containing application/octet-stream, moved to FILE035/LISTMODD
2023-04-02 21:08:20.346623 - Found LISTPDS.bin containing application/octet-stream, moved to FILE035/LISTPDS
2023-04-02 21:08:20.347768 - Found LLWA.bin containing application/octet-stream, moved to FILE035/LLWA
2023-04-02 21:08:20.348961 - Found LOADTEST.bin containing application/octet-stream, moved to FILE035/LOADTEST
2023-04-02 21:08:20.349958 - Found LOADTN.bin containing application/octet-stream, moved to FILE035/LOADTN
2023-04-02 21:08:20.351128 - Found LOGOPTS.bin containing application/octet-stream, moved to FILE035/LOGOPTS
2023-04-02 21:08:20.352113 - Found LOGTIME.bin containing application/octet-stream, moved to FILE035/LOGTIME
2023-04-02 21:08:20.353056 - Found LOOK.bin containing application/octet-stream, moved to FILE035/LOOK
2023-04-02 21:08:20.354326 - Found LOOKJ.bin containing application/octet-stream, moved to FILE035/LOOKJ
2023-04-02 21:08:20.355736 - Found LOOKN.bin containing application/octet-stream, moved to FILE035/LOOKN
2023-04-02 21:08:20.356791 - Found LOOKX.bin containing application/octet-stream, moved to FILE035/LOOKX
2023-04-02 21:08:20.358079 - Found LOOK1.bin containing application/octet-stream, moved to FILE035/LOOK1
2023-04-02 21:08:20.359246 - Found LOOK2.bin containing application/octet-stream, moved to FILE035/LOOK2
2023-04-02 21:08:20.360407 - Found LOOK3.bin containing application/octet-stream, moved to FILE035/LOOK3
2023-04-02 21:08:20.361539 - Found LOOK4.bin containing application/octet-stream, moved to FILE035/LOOK4
2023-04-02 21:08:20.362553 - Found LPSCB.bin containing application/octet-stream, moved to FILE035/LPSCB
2023-04-02 21:08:20.363767 - Found LWATEDIT.bin containing application/octet-stream, moved to FILE035/LWATEDIT
2023-04-02 21:08:20.364895 - Found LWATMGR.bin containing application/octet-stream, moved to FILE035/LWATMGR
2023-04-02 21:08:20.365882 - Found OFFLOAD.bin containing application/octet-stream, moved to FILE035/OFFLOAD
2023-04-02 21:08:20.367107 - Found OFFLOADO.bin containing application/octet-stream, moved to FILE035/OFFLOADO
2023-04-02 21:08:20.368004 - Found OFFLOADW.bin containing application/octet-stream, moved to FILE035/OFFLOADW
2023-04-02 21:08:20.369155 - Found OFFLOAD1.bin containing application/octet-stream, moved to FILE035/OFFLOAD1
2023-04-02 21:08:20.370180 - Found ONLCLIP.bin containing application/octet-stream, moved to FILE035/ONLCLIP
2023-04-02 21:08:20.371357 - Found ONLCLIPX.bin containing application/octet-stream, moved to FILE035/ONLCLIPX
2023-04-02 21:08:20.372574 - Found OSTAREDC.bin containing application/octet-stream, moved to FILE035/OSTAREDC
2023-04-02 21:08:20.373632 - Found OSTRIP.bin containing application/octet-stream, moved to FILE035/OSTRIP
2023-04-02 21:08:20.374906 - Found PACKRAT.bin containing application/octet-stream, moved to FILE035/PACKRAT
2023-04-02 21:08:20.375951 - Found PACKRATU.bin containing application/octet-stream, moved to FILE035/PACKRATU
2023-04-02 21:08:20.377037 - Found PDS.bin containing application/octet-stream, moved to FILE035/PDS
2023-04-02 21:08:20.378824 - Found PDSLOAD.bin containing application/octet-stream, moved to FILE035/PDSLOAD
2023-04-02 21:08:20.379902 - Found PDSLOADO.bin containing application/octet-stream, moved to FILE035/PDSLOADO
2023-04-02 21:08:20.380961 - Found PDSLOADW.bin containing application/octet-stream, moved to FILE035/PDSLOADW
2023-04-02 21:08:20.382290 - Found PDSLOAD1.bin containing application/octet-stream, moved to FILE035/PDSLOAD1
2023-04-02 21:08:20.383436 - Found PDSLOAD2.bin containing application/octet-stream, moved to FILE035/PDSLOAD2
2023-04-02 21:08:20.384525 - Found PDSLOAD3.bin containing application/octet-stream, moved to FILE035/PDSLOAD3
2023-04-02 21:08:20.385902 - Found PDSLOAD4.bin containing application/octet-stream, moved to FILE035/PDSLOAD4
2023-04-02 21:08:20.387199 - Found PDSMATCH.bin containing application/octet-stream, moved to FILE035/PDSMATCH
2023-04-02 21:08:20.388323 - Found PDSMATC1.bin containing application/octet-stream, moved to FILE035/PDSMATC1
2023-04-02 21:08:20.389663 - Found PDSMATC2.bin containing application/octet-stream, moved to FILE035/PDSMATC2
2023-04-02 21:08:20.391003 - Found PDSORIG.bin containing application/octet-stream, moved to FILE035/PDSORIG
2023-04-02 21:08:20.392153 - Found PDSUR.bin containing application/octet-stream, moved to FILE035/PDSUR
2023-04-02 21:08:20.393241 - Found PDSUR00.bin containing application/octet-stream, moved to FILE035/PDSUR00
2023-04-02 21:08:20.394330 - Found PDSUR01.bin containing application/octet-stream, moved to FILE035/PDSUR01
2023-04-02 21:08:20.395700 - Found PDS38.bin containing application/octet-stream, moved to FILE035/PDS38
2023-04-02 21:08:20.398048 - Found PDS86.bin containing application/octet-stream, moved to FILE035/PDS86
2023-04-02 21:08:20.400322 - Found PDS86I.bin containing application/octet-stream, moved to FILE035/PDS86I
2023-04-02 21:08:20.402589 - Found PDS8638.bin containing application/octet-stream, moved to FILE035/PDS8638
2023-04-02 21:08:20.404090 - Found RECONLIM.bin containing application/octet-stream, moved to FILE035/RECONLIM
2023-04-02 21:08:20.405561 - Found RELEASE.bin containing application/octet-stream, moved to FILE035/RELEASE
2023-04-02 21:08:20.407014 - Found RESET.bin containing application/octet-stream, moved to FILE035/RESET
2023-04-02 21:08:20.408143 - Found SHOWTCAS.bin containing application/octet-stream, moved to FILE035/SHOWTCAS
2023-04-02 21:08:20.409237 - Found SHOWTPVT.bin containing application/octet-stream, moved to FILE035/SHOWTPVT
2023-04-02 21:08:20.410484 - Found SS0104.bin containing application/octet-stream, moved to FILE035/SS0104
2023-04-02 21:08:20.412107 - Found STEPLIB.bin containing application/octet-stream, moved to FILE035/STEPLIB
2023-04-02 21:08:20.413234 - Found STEPLIBO.bin containing application/octet-stream, moved to FILE035/STEPLIBO
2023-04-02 21:08:20.414890 - Found STEPLIB1.bin containing application/octet-stream, moved to FILE035/STEPLIB1
2023-04-02 21:08:20.416250 - Found TAPEL.bin containing application/octet-stream, moved to FILE035/TAPEL
2023-04-02 21:08:20.417862 - Found TAPEMAP.bin containing application/octet-stream, moved to FILE035/TAPEMAP
2023-04-02 21:08:20.419194 - Found TAPEMAPM.bin containing application/octet-stream, moved to FILE035/TAPEMAPM
2023-04-02 21:08:20.420253 - Found TAPEMAPO.bin containing application/octet-stream, moved to FILE035/TAPEMAPO
2023-04-02 21:08:20.421348 - Found TAPEMAPX.bin containing application/octet-stream, moved to FILE035/TAPEMAPX
2023-04-02 21:08:20.422833 - Found TAPESCAN.bin containing application/octet-stream, moved to FILE035/TAPESCAN
2023-04-02 21:08:20.424117 - Found TAPESC46.bin containing application/octet-stream, moved to FILE035/TAPESC46
2023-04-02 21:08:20.425342 - Found TCOPY.bin containing application/octet-stream, moved to FILE035/TCOPY
2023-04-02 21:08:20.426560 - Found TRMSZRPT.bin containing application/octet-stream, moved to FILE035/TRMSZRPT
2023-04-02 21:08:20.427710 - Found TSTVS.bin containing application/octet-stream, moved to FILE035/TSTVS
2023-04-02 21:08:20.428714 - Found TSUB.bin containing application/octet-stream, moved to FILE035/TSUB
2023-04-02 21:08:20.429888 - Found TSUINFO.bin containing application/octet-stream, moved to FILE035/TSUINFO
2023-04-02 21:08:20.431070 - Found TSUPDATE.bin containing application/octet-stream, moved to FILE035/TSUPDATE
2023-04-02 21:08:20.433283 - Found UCBDASD.bin containing application/octet-stream, moved to FILE035/UCBDASD
2023-04-02 21:08:20.434584 - Found UCBTAPE.bin containing application/octet-stream, moved to FILE035/UCBTAPE
2023-04-02 21:08:20.436067 - Found UCBTYPE.bin containing application/octet-stream, moved to FILE035/UCBTYPE
2023-04-02 21:08:20.437410 - Found UKEYCSA.bin containing application/octet-stream, moved to FILE035/UKEYCSA
2023-04-02 21:08:20.438754 - Found ULUDASD.bin containing application/octet-stream, moved to FILE035/ULUDASD
2023-04-02 21:08:20.440109 - Found ULUDIAG.bin containing application/octet-stream, moved to FILE035/ULUDIAG
2023-04-02 21:08:20.441372 - Found ULUTAPE.bin containing application/octet-stream, moved to FILE035/ULUTAPE
2023-04-02 21:08:20.442555 - Found ULUTSCAN.bin containing application/octet-stream, moved to FILE035/ULUTSCAN
2023-04-02 21:08:20.444004 - Found ULUTYPE.bin containing application/octet-stream, moved to FILE035/ULUTYPE
2023-04-02 21:08:20.445348 - Found USERMAX.bin containing application/octet-stream, moved to FILE035/USERMAX
2023-04-02 21:08:20.446788 - Found USERS.bin containing application/octet-stream, moved to FILE035/USERS
2023-04-02 21:08:20.447933 - Found VSAMADTL.bin containing application/octet-stream, moved to FILE035/VSAMADTL
2023-04-02 21:08:20.449255 - Found VSAMAGET.bin containing application/octet-stream, moved to FILE035/VSAMAGET
2023-04-02 21:08:20.450466 - Found VSAMAHLP.bin containing application/octet-stream, moved to FILE035/VSAMAHLP
2023-04-02 21:08:20.451610 - Found VSAMANAL.bin containing application/octet-stream, moved to FILE035/VSAMANAL
2023-04-02 21:08:20.452969 - Found VSAMANDX.bin containing application/octet-stream, moved to FILE035/VSAMANDX
2023-04-02 21:08:20.454169 - Found VSAMMAPP.bin containing application/octet-stream, moved to FILE035/VSAMMAPP
2023-04-02 21:08:20.455406 - Found VSAMSIZE.bin containing application/octet-stream, moved to FILE035/VSAMSIZE
2023-04-02 21:08:20.456947 - Found VTOC.bin containing application/octet-stream, moved to FILE035/VTOC
2023-04-02 21:08:20.458109 - Found VTOCO.bin containing application/octet-stream, moved to FILE035/VTOCO
2023-04-02 21:08:20.459155 - Found VTOC1.bin containing application/octet-stream, moved to FILE035/VTOC1
2023-04-02 21:08:20.460365 - Found VTOC24.bin containing application/octet-stream, moved to FILE035/VTOC24
2023-04-02 21:08:20.461362 - Found VTOC31.bin containing application/octet-stream, moved to FILE035/VTOC31
2023-04-02 21:08:20.462422 - Found VTT2CNVU.bin containing application/octet-stream, moved to FILE035/VTT2CNVU
2023-04-02 21:08:20.463381 - Found VTT2DISK.bin containing application/octet-stream, moved to FILE035/VTT2DISK
2023-04-02 21:08:20.464438 - Found VTT2FK2T.bin containing application/octet-stream, moved to FILE035/VTT2FK2T
2023-04-02 21:08:20.465602 - Found VTT2TAPE.bin containing application/octet-stream, moved to FILE035/VTT2TAPE
2023-04-02 21:08:20.466627 - Found VTT2T2FK.bin containing application/octet-stream, moved to FILE035/VTT2T2FK
2023-04-02 21:08:20.467880 - Found WHATSNEW.bin containing application/octet-stream, moved to FILE035/WHATSNEW
2023-04-02 21:08:20.469116 - Found XEQ.bin containing application/octet-stream, moved to FILE035/XEQ
2023-04-02 21:08:20.470533 - Found XMDSMAIN.bin containing application/octet-stream, moved to FILE035/XMDSMAIN
2023-04-02 21:08:20.471706 - Found ZAPDSCB.bin containing application/octet-stream, moved to FILE035/ZAPDSCB
2023-04-02 21:08:20.473205 - No @FILExxx or @FILxxxx detected, creating README.md without extra info
